
> backend@1.0.0 lint
> eslint --fix .


D:\Portfolio\myPocket\backend\.eslintrc.js
  1:1  error  'module' is not defined  no-undef

D:\Portfolio\myPocket\backend\build\config\db-conn.js
   3:23  error  'exports' is not defined                                   no-undef
   6:1   error  'exports' is not defined                                   no-undef
   6:22  error  'exports' is not defined                                   no-undef
   7:35  error  Require statement not part of import statement             @typescript-eslint/no-var-requires
   7:35  error  'require' is not defined                                   no-undef
   8:40  error  Require statement not part of import statement             @typescript-eslint/no-var-requires
   8:40  error  'require' is not defined                                   no-undef
  12:13  error  $MONGO_STRING is not listed as a dependency in turbo.json  turbo/no-undeclared-env-vars
  12:13  error  'process' is not defined                                   no-undef
  20:1   error  'exports' is not defined                                   no-undef
  22:1   error  'exports' is not defined                                   no-undef

D:\Portfolio\myPocket\backend\build\controllers\auth.email.controller.js
   3:23  error    'exports' is not defined                        no-undef
   6:1   error    'exports' is not defined                        no-undef
   7:17  error    Require statement not part of import statement  @typescript-eslint/no-var-requires
   7:17  error    'require' is not defined                        no-undef
   8:36  error    Require statement not part of import statement  @typescript-eslint/no-var-requires
   8:36  error    'require' is not defined                        no-undef
   9:41  error    Require statement not part of import statement  @typescript-eslint/no-var-requires
   9:41  error    'require' is not defined                        no-undef
  10:16  error    Require statement not part of import statement  @typescript-eslint/no-var-requires
  10:16  error    'require' is not defined                        no-undef
  11:51  error    Require statement not part of import statement  @typescript-eslint/no-var-requires
  11:51  error    'require' is not defined                        no-undef
  22:41  warning  'next' is defined but never used                @typescript-eslint/no-unused-vars
  27:3   error    'console' is not defined                        no-undef
  56:38  warning  'next' is defined but never used                @typescript-eslint/no-unused-vars
  75:1   error    'exports' is not defined                        no-undef

D:\Portfolio\myPocket\backend\build\controllers\auth.google.controller.js
   3:23  error    'exports' is not defined                                                                  no-undef
   6:1   error    'exports' is not defined                                                                  no-undef
   7:16  error    Require statement not part of import statement                                            @typescript-eslint/no-var-requires
   7:16  error    'require' is not defined                                                                  no-undef
   8:40  error    Require statement not part of import statement                                            @typescript-eslint/no-var-requires
   8:40  error    'require' is not defined                                                                  no-undef
  58:20  error    $GOOGLE_CLIENT_CALLBACK_URL_FRONTEND_FAILURE is not listed as a dependency in turbo.json  turbo/no-undeclared-env-vars
  58:20  error    'process' is not defined                                                                  no-undef
  72:15  error    $GOOGLE_CLIENT_CALLBACK_URL_FRONTEND is not listed as a dependency in turbo.json          turbo/no-undeclared-env-vars
  72:15  error    'process' is not defined                                                                  no-undef
  79:3   error    Do not use "@ts-ignore" because it alters compilation errors                              @typescript-eslint/ban-ts-comment
  80:23  error    'URLSearchParams' is not defined                                                          no-undef
  85:47  warning  'next' is defined but never used                                                          @typescript-eslint/no-unused-vars
  86:3   error    'console' is not defined                                                                  no-undef
  91:1   error    'exports' is not defined                                                                  no-undef

D:\Portfolio\myPocket\backend\build\controllers\categoryController.js
    3:23  error    'exports' is not defined                        no-undef
    6:1   error    'exports' is not defined                        no-undef
    7:17  error    Require statement not part of import statement  @typescript-eslint/no-var-requires
    7:17  error    'require' is not defined                        no-undef
    8:14  error    Require statement not part of import statement  @typescript-eslint/no-var-requires
    8:14  error    'require' is not defined                        no-undef
    9:36  error    Require statement not part of import statement  @typescript-eslint/no-var-requires
    9:36  error    'require' is not defined                        no-undef
   10:16  error    Require statement not part of import statement  @typescript-eslint/no-var-requires
   10:16  error    'require' is not defined                        no-undef
   11:51  error    Require statement not part of import statement  @typescript-eslint/no-var-requires
   11:51  error    'require' is not defined                        no-undef
   12:16  error    Require statement not part of import statement  @typescript-eslint/no-var-requires
   12:16  error    'require' is not defined                        no-undef
   13:40  error    Require statement not part of import statement  @typescript-eslint/no-var-requires
   13:40  error    'require' is not defined                        no-undef
   14:35  error    Require statement not part of import statement  @typescript-eslint/no-var-requires
   14:35  error    'require' is not defined                        no-undef
   15:41  error    Require statement not part of import statement  @typescript-eslint/no-var-requires
   15:41  error    'require' is not defined                        no-undef
   25:31  warning  'next' is defined but never used                @typescript-eslint/no-unused-vars
   42:33  warning  'next' is defined but never used                @typescript-eslint/no-unused-vars
   88:34  warning  'next' is defined but never used                @typescript-eslint/no-unused-vars
  102:38  warning  'next' is defined but never used                @typescript-eslint/no-unused-vars
  122:33  warning  'next' is defined but never used                @typescript-eslint/no-unused-vars
  145:34  warning  'next' is defined but never used                @typescript-eslint/no-unused-vars
  161:1   error    'exports' is not defined                        no-undef

D:\Portfolio\myPocket\backend\build\controllers\logController.js
    3:23  error    'exports' is not defined                        no-undef
    6:1   error    'exports' is not defined                        no-undef
    7:17  error    Require statement not part of import statement  @typescript-eslint/no-var-requires
    7:17  error    'require' is not defined                        no-undef
    8:14  error    Require statement not part of import statement  @typescript-eslint/no-var-requires
    8:14  error    'require' is not defined                        no-undef
    9:36  error    Require statement not part of import statement  @typescript-eslint/no-var-requires
    9:36  error    'require' is not defined                        no-undef
   10:35  error    Require statement not part of import statement  @typescript-eslint/no-var-requires
   10:35  error    'require' is not defined                        no-undef
   11:16  error    Require statement not part of import statement  @typescript-eslint/no-var-requires
   11:16  error    'require' is not defined                        no-undef
   12:51  error    Require statement not part of import statement  @typescript-eslint/no-var-requires
   12:51  error    'require' is not defined                        no-undef
   13:16  error    Require statement not part of import statement  @typescript-eslint/no-var-requires
   13:16  error    'require' is not defined                        no-undef
   14:41  error    Require statement not part of import statement  @typescript-eslint/no-var-requires
   14:41  error    'require' is not defined                        no-undef
   24:31  warning  'next' is defined but never used                @typescript-eslint/no-unused-vars
   44:33  warning  'next' is defined but never used                @typescript-eslint/no-unused-vars
   92:34  warning  'next' is defined but never used                @typescript-eslint/no-unused-vars
  107:33  warning  'next' is defined but never used                @typescript-eslint/no-unused-vars
  132:34  warning  'next' is defined but never used                @typescript-eslint/no-unused-vars
  148:1   error    'exports' is not defined                        no-undef

D:\Portfolio\myPocket\backend\build\controllers\profileController.js
    3:23  error    'exports' is not defined                        no-undef
    6:1   error    'exports' is not defined                        no-undef
    7:17  error    Require statement not part of import statement  @typescript-eslint/no-var-requires
    7:17  error    'require' is not defined                        no-undef
    8:14  error    Require statement not part of import statement  @typescript-eslint/no-var-requires
    8:14  error    'require' is not defined                        no-undef
    9:36  error    Require statement not part of import statement  @typescript-eslint/no-var-requires
    9:36  error    'require' is not defined                        no-undef
   10:36  error    Require statement not part of import statement  @typescript-eslint/no-var-requires
   10:36  error    'require' is not defined                        no-undef
   11:16  error    Require statement not part of import statement  @typescript-eslint/no-var-requires
   11:16  error    'require' is not defined                        no-undef
   12:51  error    Require statement not part of import statement  @typescript-eslint/no-var-requires
   12:51  error    'require' is not defined                        no-undef
   13:41  error    Require statement not part of import statement  @typescript-eslint/no-var-requires
   13:41  error    'require' is not defined                        no-undef
   25:47  warning  'next' is defined but never used                @typescript-eslint/no-unused-vars
   45:41  warning  'next' is defined but never used                @typescript-eslint/no-unused-vars
   59:44  warning  'next' is defined but never used                @typescript-eslint/no-unused-vars
   80:41  warning  'next' is defined but never used                @typescript-eslint/no-unused-vars
  114:1   error    'exports' is not defined                        no-undef

D:\Portfolio\myPocket\backend\build\doc.js
   3:23  error  'exports' is not defined                        no-undef
   6:1   error  'exports' is not defined                        no-undef
   7:44  error  Require statement not part of import statement  @typescript-eslint/no-var-requires
   7:44  error  'require' is not defined                        no-undef
   8:39  error  Require statement not part of import statement  @typescript-eslint/no-var-requires
   8:39  error  'require' is not defined                        no-undef
   9:35  error  Require statement not part of import statement  @typescript-eslint/no-var-requires
   9:35  error  'require' is not defined                        no-undef
  12:1   error  'exports' is not defined                        no-undef
  32:5   error  'module' is not defined                         no-undef
  34:5   error  'console' is not defined                        no-undef
  35:5   error  'process' is not defined                        no-undef

D:\Portfolio\myPocket\backend\build\httpErrors\errMiddlewares.js
   3:23  error    'exports' is not defined                        no-undef
   6:1   error    'exports' is not defined                        no-undef
   7:1   error    'exports' is not defined                        no-undef
   8:1   error    'exports' is not defined                        no-undef
   9:1   error    'exports' is not defined                        no-undef
  10:17  error    Require statement not part of import statement  @typescript-eslint/no-var-requires
  10:17  error    'require' is not defined                        no-undef
  33:42  warning  'next' is defined but never used                @typescript-eslint/no-unused-vars
  34:3   error    'console' is not defined                        no-undef

D:\Portfolio\myPocket\backend\build\httpErrors\errTypes.js
    3:23  error  'exports' is not defined                        no-undef
    6:1   error  'exports' is not defined                        no-undef
    7:1   error  'exports' is not defined                        no-undef
    8:1   error  'exports' is not defined                        no-undef
    9:1   error  'exports' is not defined                        no-undef
    9:26  error  'exports' is not defined                        no-undef
   10:1   error  'exports' is not defined                        no-undef
   11:1   error  'exports' is not defined                        no-undef
   11:24  error  'exports' is not defined                        no-undef
   11:40  error  'exports' is not defined                        no-undef
   12:1   error  'exports' is not defined                        no-undef
   13:1   error  'exports' is not defined                        no-undef
   13:24  error  'exports' is not defined                        no-undef
   14:1   error  'exports' is not defined                        no-undef
   15:1   error  'exports' is not defined                        no-undef
   16:1   error  'exports' is not defined                        no-undef
   17:9   error  Require statement not part of import statement  @typescript-eslint/no-var-requires
   17:9   error  'require' is not defined                        no-undef
   37:1   error  'exports' is not defined                        no-undef
   44:1   error  'exports' is not defined                        no-undef
  124:1   error  'exports' is not defined                        no-undef
  131:1   error  'exports' is not defined                        no-undef
  138:1   error  'exports' is not defined                        no-undef
  145:1   error  'exports' is not defined                        no-undef
  157:1   error  'exports' is not defined                        no-undef
  164:1   error  'exports' is not defined                        no-undef

D:\Portfolio\myPocket\backend\build\httpErrors\index.js
   3:23  error  'exports' is not defined                        no-undef
   6:1   error  'exports' is not defined                        no-undef
   7:1   error  'exports' is not defined                        no-undef
   7:23  error  'exports' is not defined                        no-undef
   8:1   error  'exports' is not defined                        no-undef
   9:1   error  'exports' is not defined                        no-undef
  10:17  error  Require statement not part of import statement  @typescript-eslint/no-var-requires
  10:17  error  'require' is not defined                        no-undef
  18:1   error  'exports' is not defined                        no-undef
  28:1   error  'exports' is not defined                        no-undef

D:\Portfolio\myPocket\backend\build\middlewares\apiIsWorking.js
  3:23  error  'exports' is not defined  no-undef
  6:1   error  'exports' is not defined  no-undef
  7:1   error  'exports' is not defined  no-undef

D:\Portfolio\myPocket\backend\build\middlewares\auth.js
   3:23  error  'exports' is not defined                        no-undef
   6:1   error  'exports' is not defined                        no-undef
   7:40  error  Require statement not part of import statement  @typescript-eslint/no-var-requires
   7:40  error  'require' is not defined                        no-undef
   8:16  error  Require statement not part of import statement  @typescript-eslint/no-var-requires
   8:16  error  'require' is not defined                        no-undef
   9:17  error  Require statement not part of import statement  @typescript-eslint/no-var-requires
   9:17  error  'require' is not defined                        no-undef
  36:1   error  'exports' is not defined                        no-undef

D:\Portfolio\myPocket\backend\build\models\Category.js
   3:23  error  'exports' is not defined                        no-undef
   6:1   error  'exports' is not defined                        no-undef
   7:40  error  Require statement not part of import statement  @typescript-eslint/no-var-requires
   7:40  error  'require' is not defined                        no-undef
  28:1   error  'exports' is not defined                        no-undef

D:\Portfolio\myPocket\backend\build\models\Log.js
    3:23  error  'exports' is not defined                                      no-undef
    6:1   error  'exports' is not defined                                      no-undef
    7:40  error  Require statement not part of import statement                @typescript-eslint/no-var-requires
    7:40  error  'require' is not defined                                      no-undef
    8:40  error  Require statement not part of import statement                @typescript-eslint/no-var-requires
    8:40  error  'require' is not defined                                      no-undef
   46:5   error  Do not use "@ts-ignore" because it alters compilation errors  @typescript-eslint/ban-ts-comment
   59:3   error  Do not use "@ts-ignore" because it alters compilation errors  @typescript-eslint/ban-ts-comment
   63:5   error  Do not use "@ts-ignore" because it alters compilation errors  @typescript-eslint/ban-ts-comment
   74:7   error  Do not use "@ts-ignore" because it alters compilation errors  @typescript-eslint/ban-ts-comment
  119:1   error  'exports' is not defined                                      no-undef

D:\Portfolio\myPocket\backend\build\models\User.js
    3:23  error  'exports' is not defined                                      no-undef
    6:1   error  'exports' is not defined                                      no-undef
    7:40  error  Require statement not part of import statement                @typescript-eslint/no-var-requires
    7:40  error  'require' is not defined                                      no-undef
    8:38  error  Require statement not part of import statement                @typescript-eslint/no-var-requires
    8:38  error  'require' is not defined                                      no-undef
    9:13  error  Require statement not part of import statement                @typescript-eslint/no-var-requires
    9:13  error  'require' is not defined                                      no-undef
   10:15  error  Require statement not part of import statement                @typescript-eslint/no-var-requires
   10:15  error  'require' is not defined                                      no-undef
   31:3   error  Do not use "@ts-ignore" because it alters compilation errors  @typescript-eslint/ban-ts-comment
   64:7   error  Do not use "@ts-ignore" because it alters compilation errors  @typescript-eslint/ban-ts-comment
   88:16  error  $SALT is not listed as a dependency in turbo.json             turbo/no-undeclared-env-vars
   88:16  error  'process' is not defined                                      no-undef
   98:18  error  $SALT is not listed as a dependency in turbo.json             turbo/no-undeclared-env-vars
   98:18  error  'process' is not defined                                      no-undef
  104:18  error  $SALT is not listed as a dependency in turbo.json             turbo/no-undeclared-env-vars
  104:18  error  'process' is not defined                                      no-undef
  113:1   error  'exports' is not defined                                      no-undef

D:\Portfolio\myPocket\backend\build\passport\google.js
   3:23  error  'exports' is not defined                                                         no-undef
   6:1   error  'exports' is not defined                                                         no-undef
   7:36  error  Require statement not part of import statement                                   @typescript-eslint/no-var-requires
   7:36  error  'require' is not defined                                                         no-undef
   8:28  error  Require statement not part of import statement                                   @typescript-eslint/no-var-requires
   8:28  error  'require' is not defined                                                         no-undef
  32:13  error  $GOOGLE_CLIENT_ID is not listed as a dependency in turbo.json                    turbo/no-undeclared-env-vars
  32:13  error  'process' is not defined                                                         no-undef
  33:17  error  $GOOGLE_CLIENT_SECRET is not listed as a dependency in turbo.json                turbo/no-undeclared-env-vars
  33:17  error  'process' is not defined                                                         no-undef
  34:16  error  $GOOGLE_CLIENT_CALLBACK_URL_BACKEND is not listed as a dependency in turbo.json  turbo/no-undeclared-env-vars
  34:16  error  'process' is not defined                                                         no-undef
  74:1   error  'exports' is not defined                                                         no-undef

D:\Portfolio\myPocket\backend\build\passport\local.js
   3:23  error  'exports' is not defined                                 no-undef
   6:1   error  'exports' is not defined                                 no-undef
   7:36  error  Require statement not part of import statement           @typescript-eslint/no-var-requires
   7:36  error  'require' is not defined                                 no-undef
   8:20  error  Require statement not part of import statement           @typescript-eslint/no-var-requires
   8:20  error  'require' is not defined                                 no-undef
  11:16  error  $JWT_SECRET is not listed as a dependency in turbo.json  turbo/no-undeclared-env-vars
  11:16  error  'process' is not defined                                 no-undef
  18:1   error  'exports' is not defined                                 no-undef

D:\Portfolio\myPocket\backend\build\passport\serialize.js
  3:23  error  'exports' is not defined                        no-undef
  6:1   error  'exports' is not defined                        no-undef
  7:36  error  Require statement not part of import statement  @typescript-eslint/no-var-requires
  7:36  error  'require' is not defined                        no-undef
  8:40  error  Require statement not part of import statement  @typescript-eslint/no-var-requires
  8:40  error  'require' is not defined                        no-undef

D:\Portfolio\myPocket\backend\build\server.js
   3:23  error  'exports' is not defined                           no-undef
   6:1   error  'exports' is not defined                           no-undef
   7:39  error  Require statement not part of import statement     @typescript-eslint/no-var-requires
   7:39  error  'require' is not defined                           no-undef
   8:38  error  Require statement not part of import statement     @typescript-eslint/no-var-requires
   8:38  error  'require' is not defined                           no-undef
   9:36  error  Require statement not part of import statement     @typescript-eslint/no-var-requires
   9:36  error  'require' is not defined                           no-undef
  10:42  error  Require statement not part of import statement     @typescript-eslint/no-var-requires
  10:42  error  'require' is not defined                           no-undef
  11:41  error  Require statement not part of import statement     @typescript-eslint/no-var-requires
  11:41  error  'require' is not defined                           no-undef
  12:42  error  Require statement not part of import statement     @typescript-eslint/no-var-requires
  12:42  error  'require' is not defined                           no-undef
  13:49  error  Require statement not part of import statement     @typescript-eslint/no-var-requires
  13:49  error  'require' is not defined                           no-undef
  14:45  error  Require statement not part of import statement     @typescript-eslint/no-var-requires
  14:45  error  'require' is not defined                           no-undef
  15:50  error  Require statement not part of import statement     @typescript-eslint/no-var-requires
  15:50  error  'require' is not defined                           no-undef
  16:44  error  Require statement not part of import statement     @typescript-eslint/no-var-requires
  16:44  error  'require' is not defined                           no-undef
  17:14  error  Require statement not part of import statement     @typescript-eslint/no-var-requires
  17:14  error  'require' is not defined                           no-undef
  18:23  error  Require statement not part of import statement     @typescript-eslint/no-var-requires
  18:23  error  'require' is not defined                           no-undef
  19:40  error  Require statement not part of import statement     @typescript-eslint/no-var-requires
  19:40  error  'require' is not defined                           no-undef
  20:14  error  Require statement not part of import statement     @typescript-eslint/no-var-requires
  20:14  error  'require' is not defined                           no-undef
  21:15  error  Require statement not part of import statement     @typescript-eslint/no-var-requires
  21:15  error  'require' is not defined                           no-undef
  22:41  error  Require statement not part of import statement     @typescript-eslint/no-var-requires
  22:41  error  'require' is not defined                           no-undef
  23:44  error  Require statement not part of import statement     @typescript-eslint/no-var-requires
  23:44  error  'require' is not defined                           no-undef
  24:12  error  Require statement not part of import statement     @typescript-eslint/no-var-requires
  24:12  error  'require' is not defined                           no-undef
  25:35  error  Require statement not part of import statement     @typescript-eslint/no-var-requires
  25:35  error  'require' is not defined                           no-undef
  26:38  error  Require statement not part of import statement     @typescript-eslint/no-var-requires
  26:38  error  'require' is not defined                           no-undef
  35:1   error  'exports' is not defined                           no-undef
  73:16  error  $PORT is not listed as a dependency in turbo.json  turbo/no-undeclared-env-vars
  73:16  error  'process' is not defined                           no-undef
  76:5   error  'module' is not defined                            no-undef
  78:5   error  'console' is not defined                           no-undef
  79:5   error  'process' is not defined                           no-undef

D:\Portfolio\myPocket\backend\build\utils\JSONReplacer.js
  3:23  error  'exports' is not defined  no-undef
  6:1   error  'exports' is not defined  no-undef

D:\Portfolio\myPocket\backend\build\utils\arrayElements.js
  3:23  error  'exports' is not defined  no-undef
  6:1   error  'exports' is not defined  no-undef
  7:1   error  'exports' is not defined  no-undef
  8:1   error  'exports' is not defined  no-undef

D:\Portfolio\myPocket\backend\build\utils\expressApp.js
   3:23  error  'exports' is not defined                        no-undef
   6:1   error  'exports' is not defined                        no-undef
   7:17  error  Require statement not part of import statement  @typescript-eslint/no-var-requires
   7:17  error  'require' is not defined                        no-undef
   8:39  error  Require statement not part of import statement  @typescript-eslint/no-var-requires
   8:39  error  'require' is not defined                        no-undef
  25:29  error  'Buffer' is not defined                         no-undef

D:\Portfolio\myPocket\backend\build\utils\log.js
   3:23  error  'exports' is not defined                               no-undef
   6:1   error  'exports' is not defined                               no-undef
  39:7   error  $NODE_ENV is not listed as a dependency in turbo.json  turbo/no-undeclared-env-vars
  39:7   error  'process' is not defined                               no-undef
  39:40  error  'console' is not defined                               no-undef

D:\Portfolio\myPocket\backend\build\utils\mongooseEmailValidate.js
   3:23  error  'exports' is not defined  no-undef
   6:1   error  'exports' is not defined  no-undef
  13:1   error  'exports' is not defined  no-undef

D:\Portfolio\myPocket\backend\build\utils\omitFalsy.js
  3:23  error  'exports' is not defined  no-undef
  6:1   error  'exports' is not defined  no-undef

D:\Portfolio\myPocket\backend\build\utils\password.js
   3:23  error  'exports' is not defined                           no-undef
   6:1   error  'exports' is not defined                           no-undef
   7:1   error  'exports' is not defined                           no-undef
   8:38  error  Require statement not part of import statement     @typescript-eslint/no-var-requires
   8:38  error  'require' is not defined                           no-undef
  10:14  error  $SALT is not listed as a dependency in turbo.json  turbo/no-undeclared-env-vars
  10:14  error  'process' is not defined                           no-undef

D:\Portfolio\myPocket\backend\build\utils\tokens.js
   3:23  error  'exports' is not defined                                 no-undef
   6:1   error  'exports' is not defined                                 no-undef
   7:1   error  'exports' is not defined                                 no-undef
   8:44  error  Require statement not part of import statement           @typescript-eslint/no-var-requires
   8:44  error  'require' is not defined                                 no-undef
  11:43  error  $JWT_SECRET is not listed as a dependency in turbo.json  turbo/no-undeclared-env-vars
  11:43  error  'process' is not defined                                 no-undef
  19:6   error  $JWT_SECRET is not listed as a dependency in turbo.json  turbo/no-undeclared-env-vars
  19:6   error  'process' is not defined                                 no-undef

D:\Portfolio\myPocket\backend\build\utils\truthy.js
  3:23  error  'exports' is not defined  no-undef
  6:1   error  'exports' is not defined  no-undef

D:\Portfolio\myPocket\backend\jest.config.js
  2:1  error  'module' is not defined  no-undef

D:\Portfolio\myPocket\backend\src\__mocks__\server.ts
  1:59  warning  Unexpected any. Specify a different type  @typescript-eslint/no-explicit-any
  1:64  warning  Unexpected any. Specify a different type  @typescript-eslint/no-explicit-any

D:\Portfolio\myPocket\backend\src\config\db-conn.ts
  3:8   warning  '_' is defined but never used                              @typescript-eslint/no-unused-vars
  8:15  error    $MONGO_STRING is not listed as a dependency in turbo.json  turbo/no-undeclared-env-vars

D:\Portfolio\myPocket\backend\src\controllers\auth.email.controller.ts
  19:60  warning  'next' is defined but never used  @typescript-eslint/no-unused-vars
  44:57  warning  'next' is defined but never used  @typescript-eslint/no-unused-vars

D:\Portfolio\myPocket\backend\src\controllers\auth.email.test.ts
  17:20  error  $MONGO_STRING is not listed as a dependency in turbo.json  turbo/no-undeclared-env-vars
  17:56  error  $MONGO_STRING is not listed as a dependency in turbo.json  turbo/no-undeclared-env-vars

D:\Portfolio\myPocket\backend\src\controllers\auth.google.controller.ts
   2:8   warning  '_' is defined but never used                                                             @typescript-eslint/no-unused-vars
  56:22  error    $GOOGLE_CLIENT_CALLBACK_URL_FRONTEND_FAILURE is not listed as a dependency in turbo.json  turbo/no-undeclared-env-vars
  73:15  error    $GOOGLE_CLIENT_CALLBACK_URL_FRONTEND is not listed as a dependency in turbo.json          turbo/no-undeclared-env-vars
  81:3   error    Do not use "@ts-ignore" because it alters compilation errors                              @typescript-eslint/ban-ts-comment
  92:3   warning  'next' is defined but never used                                                          @typescript-eslint/no-unused-vars

D:\Portfolio\myPocket\backend\src\controllers\category.test.ts
   18:3   error    Do not use "@ts-ignore" because it alters compilation errors  @typescript-eslint/ban-ts-comment
   50:20  error    $MONGO_STRING is not listed as a dependency in turbo.json     turbo/no-undeclared-env-vars
   50:56  error    $MONGO_STRING is not listed as a dependency in turbo.json     turbo/no-undeclared-env-vars
  251:11  warning  'shape' is assigned a value but never used                    @typescript-eslint/no-unused-vars

D:\Portfolio\myPocket\backend\src\controllers\categoryController.ts
   28:50  warning  'next' is defined but never used  @typescript-eslint/no-unused-vars
   45:52  warning  'next' is defined but never used  @typescript-eslint/no-unused-vars
   94:53  warning  'next' is defined but never used  @typescript-eslint/no-unused-vars
  109:57  warning  'next' is defined but never used  @typescript-eslint/no-unused-vars
  131:52  warning  'next' is defined but never used  @typescript-eslint/no-unused-vars
  152:53  warning  'next' is defined but never used  @typescript-eslint/no-unused-vars

D:\Portfolio\myPocket\backend\src\controllers\log.test.ts
   18:3   error    Do not use "@ts-ignore" because it alters compilation errors  @typescript-eslint/ban-ts-comment
   62:20  error    $MONGO_STRING is not listed as a dependency in turbo.json     turbo/no-undeclared-env-vars
   62:56  error    $MONGO_STRING is not listed as a dependency in turbo.json     turbo/no-undeclared-env-vars
  270:11  warning  'shape' is assigned a value but never used                    @typescript-eslint/no-unused-vars

D:\Portfolio\myPocket\backend\src\controllers\logController.ts
   11:15  warning  'ILog' is defined but never used  @typescript-eslint/no-unused-vars
   27:50  warning  'next' is defined but never used  @typescript-eslint/no-unused-vars
   46:52  warning  'next' is defined but never used  @typescript-eslint/no-unused-vars
   94:53  warning  'next' is defined but never used  @typescript-eslint/no-unused-vars
  110:52  warning  'next' is defined but never used  @typescript-eslint/no-unused-vars
  132:53  warning  'next' is defined but never used  @typescript-eslint/no-unused-vars

D:\Portfolio\myPocket\backend\src\controllers\profile.test.ts
   34:20  error    $MONGO_STRING is not listed as a dependency in turbo.json  turbo/no-undeclared-env-vars
   34:56  error    $MONGO_STRING is not listed as a dependency in turbo.json  turbo/no-undeclared-env-vars
   44:11  warning  'shape' is assigned a value but never used                 @typescript-eslint/no-unused-vars
  143:11  warning  'shape' is assigned a value but never used                 @typescript-eslint/no-unused-vars

D:\Portfolio\myPocket\backend\src\controllers\profileController.ts
  30:3   warning  'next' is defined but never used  @typescript-eslint/no-unused-vars
  46:60  warning  'next' is defined but never used  @typescript-eslint/no-unused-vars
  62:3   warning  'next' is defined but never used  @typescript-eslint/no-unused-vars
  83:60  warning  'next' is defined but never used  @typescript-eslint/no-unused-vars

D:\Portfolio\myPocket\backend\src\httpErrors\errMiddlewares.ts
  32:15  warning  Unexpected any. Specify a different type              @typescript-eslint/no-explicit-any
  35:10  warning  Unexpected any. Specify a different type              @typescript-eslint/no-explicit-any
  36:11  warning  Unexpected any. Specify a different type              @typescript-eslint/no-explicit-any
  53:11  warning  'validationError' is assigned a value but never used  @typescript-eslint/no-unused-vars
  73:3   warning  'next' is defined but never used                      @typescript-eslint/no-unused-vars

D:\Portfolio\myPocket\backend\src\httpErrors\errTypes.ts
  10:3  warning  'UnAuthorizedE' is defined but never used  @typescript-eslint/no-unused-vars

D:\Portfolio\myPocket\backend\src\httpErrors\index.ts
  29:18  warning  Unexpected any. Specify a different type  @typescript-eslint/no-explicit-any
  49:65  warning  Unexpected any. Specify a different type  @typescript-eslint/no-explicit-any
  69:13  warning  Unexpected any. Specify a different type  @typescript-eslint/no-explicit-any

D:\Portfolio\myPocket\backend\src\middlewares\bearerAuth.test.ts
  22:38  error    $JWT_SECRET is not listed as a dependency in turbo.json    turbo/no-undeclared-env-vars
  51:20  error    $MONGO_STRING is not listed as a dependency in turbo.json  turbo/no-undeclared-env-vars
  51:56  error    $MONGO_STRING is not listed as a dependency in turbo.json  turbo/no-undeclared-env-vars
  60:9   warning  'shape' is assigned a value but never used                 @typescript-eslint/no-unused-vars

D:\Portfolio\myPocket\backend\src\models\Log.ts
  48:5  error  Do not use "@ts-ignore" because it alters compilation errors  @typescript-eslint/ban-ts-comment
  59:3  error  Do not use "@ts-ignore" because it alters compilation errors  @typescript-eslint/ban-ts-comment
  64:7  error  Do not use "@ts-ignore" because it alters compilation errors  @typescript-eslint/ban-ts-comment
  76:7  error  Do not use "@ts-ignore" because it alters compilation errors  @typescript-eslint/ban-ts-comment

D:\Portfolio\myPocket\backend\src\models\User.ts
    1:1   error  Do not use "@ts-nocheck" because it alters compilation errors  @typescript-eslint/ban-ts-comment
   49:5   error  Do not use "@ts-ignore" because it alters compilation errors   @typescript-eslint/ban-ts-comment
   84:7   error  Do not use "@ts-ignore" because it alters compilation errors   @typescript-eslint/ban-ts-comment
  110:16  error  $SALT is not listed as a dependency in turbo.json              turbo/no-undeclared-env-vars
  121:18  error  $SALT is not listed as a dependency in turbo.json              turbo/no-undeclared-env-vars
  131:18  error  $SALT is not listed as a dependency in turbo.json              turbo/no-undeclared-env-vars

D:\Portfolio\myPocket\backend\src\passport\google.ts
   2:8   warning  '_' is defined but never used                                                    @typescript-eslint/no-unused-vars
   3:10  warning  'NextFunction' is defined but never used                                         @typescript-eslint/no-unused-vars
   3:24  warning  'Request' is defined but never used                                              @typescript-eslint/no-unused-vars
   3:33  warning  'Response' is defined but never used                                             @typescript-eslint/no-unused-vars
   4:8   warning  'passport' is defined but never used                                             @typescript-eslint/no-unused-vars
   6:10  warning  'addArrayElement' is defined but never used                                      @typescript-eslint/no-unused-vars
  31:15  error    $GOOGLE_CLIENT_ID is not listed as a dependency in turbo.json                    turbo/no-undeclared-env-vars
  32:19  error    $GOOGLE_CLIENT_SECRET is not listed as a dependency in turbo.json                turbo/no-undeclared-env-vars
  33:18  error    $GOOGLE_CLIENT_CALLBACK_URL_BACKEND is not listed as a dependency in turbo.json  turbo/no-undeclared-env-vars

D:\Portfolio\myPocket\backend\src\passport\local.ts
  7:18  error  $JWT_SECRET is not listed as a dependency in turbo.json  turbo/no-undeclared-env-vars

D:\Portfolio\myPocket\backend\src\server.ts
   38:23  warning  'B' is defined but never used                      @typescript-eslint/no-unused-vars
   50:3   error    ES2015 module syntax is preferred over namespaces  @typescript-eslint/no-namespace
   51:60  warning  Unexpected any. Specify a different type           @typescript-eslint/no-explicit-any
   51:65  warning  Unexpected any. Specify a different type           @typescript-eslint/no-explicit-any
   53:35  warning  Unexpected any. Specify a different type           @typescript-eslint/no-explicit-any
   53:40  warning  Unexpected any. Specify a different type           @typescript-eslint/no-explicit-any
   54:39  warning  Unexpected any. Specify a different type           @typescript-eslint/no-explicit-any
   54:44  warning  Unexpected any. Specify a different type           @typescript-eslint/no-explicit-any
  108:16  error    $PORT is not listed as a dependency in turbo.json  turbo/no-undeclared-env-vars

D:\Portfolio\myPocket\backend\src\utils\expressApp.test.ts
  1:10  warning  'HttpError' is defined but never used  @typescript-eslint/no-unused-vars

D:\Portfolio\myPocket\backend\src\utils\grapOnly.ts
   8:23  warning  Unexpected any. Specify a different type  @typescript-eslint/no-explicit-any
   8:46  warning  Unexpected any. Specify a different type  @typescript-eslint/no-explicit-any
  25:39  warning  Unexpected any. Specify a different type  @typescript-eslint/no-explicit-any

D:\Portfolio\myPocket\backend\src\utils\isPlain.ts
  1:23  warning  Unexpected any. Specify a different type  @typescript-eslint/no-explicit-any

D:\Portfolio\myPocket\backend\src\utils\log.ts
  42:51  warning  Unexpected any. Specify a different type               @typescript-eslint/no-explicit-any
  46:7   error    $NODE_ENV is not listed as a dependency in turbo.json  turbo/no-undeclared-env-vars

D:\Portfolio\myPocket\backend\src\utils\omitFalsy.ts
  1:57  warning  Unexpected any. Specify a different type  @typescript-eslint/no-explicit-any
  2:18  warning  Unexpected any. Specify a different type  @typescript-eslint/no-explicit-any
  6:30  warning  Unexpected any. Specify a different type  @typescript-eslint/no-explicit-any

D:\Portfolio\myPocket\backend\src\utils\password.ts
  2:14  error  $SALT is not listed as a dependency in turbo.json  turbo/no-undeclared-env-vars

D:\Portfolio\myPocket\backend\src\utils\range.ts
  3:11  warning  'jump' is assigned a value but never used  @typescript-eslint/no-unused-vars

D:\Portfolio\myPocket\backend\src\utils\tokens.ts
   3:43  warning  Unexpected any. Specify a different type                 @typescript-eslint/no-explicit-any
   4:25  error    $JWT_SECRET is not listed as a dependency in turbo.json  turbo/no-undeclared-env-vars
  10:39  error    $JWT_SECRET is not listed as a dependency in turbo.json  turbo/no-undeclared-env-vars

D:\Portfolio\myPocket\backend\src\utils\truthy.ts
  1:15  warning  Unexpected any. Specify a different type  @typescript-eslint/no-explicit-any
  7:54  warning  Unexpected any. Specify a different type  @typescript-eslint/no-explicit-any
  8:18  warning  Unexpected any. Specify a different type  @typescript-eslint/no-explicit-any

D:\Portfolio\myPocket\backend\tests\helpers\initJest.ts
  21:42   warning  Unexpected any. Specify a different type           @typescript-eslint/no-explicit-any
  21:50   warning  Unexpected any. Specify a different type           @typescript-eslint/no-explicit-any
  21:74   warning  Unexpected any. Specify a different type           @typescript-eslint/no-explicit-any
  21:100  warning  Unexpected any. Specify a different type           @typescript-eslint/no-explicit-any
  23:3    error    ES2015 module syntax is preferred over namespaces  @typescript-eslint/no-namespace
  40:54   warning  Unexpected any. Specify a different type           @typescript-eslint/no-explicit-any
  40:65   warning  Unexpected any. Specify a different type           @typescript-eslint/no-explicit-any
  42:21   warning  Unexpected any. Specify a different type           @typescript-eslint/no-explicit-any
  42:27   warning  Unexpected any. Specify a different type           @typescript-eslint/no-explicit-any
  56:19   warning  Unexpected any. Specify a different type           @typescript-eslint/no-explicit-any
  56:36   warning  Unexpected any. Specify a different type           @typescript-eslint/no-explicit-any
  78:22   warning  Unexpected any. Specify a different type           @typescript-eslint/no-explicit-any
  80:14   warning  Unexpected any. Specify a different type           @typescript-eslint/no-explicit-any
  83:61   warning  Unexpected any. Specify a different type           @typescript-eslint/no-explicit-any
  83:74   warning  Unexpected any. Specify a different type           @typescript-eslint/no-explicit-any
  88:84   warning  Unexpected any. Specify a different type           @typescript-eslint/no-explicit-any
  93:21   warning  Unexpected any. Specify a different type           @typescript-eslint/no-explicit-any
  94:27   warning  Unexpected any. Specify a different type           @typescript-eslint/no-explicit-any
  95:20   warning  Unexpected any. Specify a different type           @typescript-eslint/no-explicit-any
  96:20   warning  Unexpected any. Specify a different type           @typescript-eslint/no-explicit-any

âœ– 458 problems (356 errors, 102 warnings)

npm ERR! Lifecycle script `lint` failed with error: 
npm ERR! Error: command failed 
npm ERR!   in workspace: backend@1.0.0 
npm ERR!   at location: D:\Portfolio\myPocket\backend 
